{"C:\\Users\\tangz\\Downloads\\IDC-Management-System\\IDC-Management-System\\IDC-Management-System\\frontend\\src\\views\\business\\ticket\\template.util.ts": {"path":"C:\\Users\\tangz\\Downloads\\IDC-Management-System\\IDC-Management-System\\IDC-Management-System\\frontend\\src\\views\\business\\ticket\\template.util.ts","all":false,"statementMap":{"0":{"start":{"line":1,"column":0},"end":{"line":1,"column":70}},"4":{"start":{"line":5,"column":0},"end":{"line":5,"column":46}},"5":{"start":{"line":6,"column":0},"end":{"line":6,"column":66}},"6":{"start":{"line":7,"column":0},"end":{"line":7,"column":1}},"8":{"start":{"line":9,"column":0},"end":{"line":9,"column":58}},"9":{"start":{"line":10,"column":0},"end":{"line":10,"column":33}},"10":{"start":{"line":11,"column":0},"end":{"line":11,"column":1}},"12":{"start":{"line":13,"column":0},"end":{"line":13,"column":36}},"13":{"start":{"line":14,"column":0},"end":{"line":14,"column":10}},"14":{"start":{"line":15,"column":0},"end":{"line":15,"column":26}},"15":{"start":{"line":16,"column":0},"end":{"line":16,"column":26}},"16":{"start":{"line":17,"column":0},"end":{"line":17,"column":28}},"17":{"start":{"line":18,"column":0},"end":{"line":18,"column":25}},"18":{"start":{"line":19,"column":0},"end":{"line":19,"column":23}},"19":{"start":{"line":20,"column":0},"end":{"line":20,"column":25}},"20":{"start":{"line":21,"column":0},"end":{"line":21,"column":28}},"21":{"start":{"line":22,"column":0},"end":{"line":22,"column":34}},"22":{"start":{"line":23,"column":0},"end":{"line":23,"column":38}},"23":{"start":{"line":24,"column":0},"end":{"line":24,"column":31}},"24":{"start":{"line":25,"column":0},"end":{"line":25,"column":16}},"25":{"start":{"line":26,"column":0},"end":{"line":26,"column":16}},"26":{"start":{"line":27,"column":0},"end":{"line":27,"column":21}},"27":{"start":{"line":28,"column":0},"end":{"line":28,"column":3}},"28":{"start":{"line":29,"column":0},"end":{"line":29,"column":1}},"41":{"start":{"line":42,"column":0},"end":{"line":42,"column":226}},"43":{"start":{"line":44,"column":0},"end":{"line":44,"column":32}},"44":{"start":{"line":45,"column":0},"end":{"line":45,"column":57}},"47":{"start":{"line":48,"column":0},"end":{"line":48,"column":33}},"48":{"start":{"line":49,"column":0},"end":{"line":49,"column":76}},"51":{"start":{"line":52,"column":0},"end":{"line":52,"column":54}},"52":{"start":{"line":53,"column":0},"end":{"line":53,"column":60}},"53":{"start":{"line":54,"column":0},"end":{"line":54,"column":33}},"54":{"start":{"line":55,"column":0},"end":{"line":55,"column":4}},"56":{"start":{"line":57,"column":0},"end":{"line":57,"column":15}},"57":{"start":{"line":58,"column":0},"end":{"line":58,"column":89}},"58":{"start":{"line":59,"column":0},"end":{"line":59,"column":16}},"59":{"start":{"line":60,"column":0},"end":{"line":60,"column":50}},"60":{"start":{"line":61,"column":0},"end":{"line":61,"column":63}},"61":{"start":{"line":62,"column":0},"end":{"line":62,"column":79}},"62":{"start":{"line":63,"column":0},"end":{"line":63,"column":5}},"63":{"start":{"line":64,"column":0},"end":{"line":64,"column":67}},"64":{"start":{"line":65,"column":0},"end":{"line":65,"column":34}},"65":{"start":{"line":66,"column":0},"end":{"line":66,"column":40}},"66":{"start":{"line":67,"column":0},"end":{"line":67,"column":10}},"67":{"start":{"line":68,"column":0},"end":{"line":68,"column":57}},"68":{"start":{"line":69,"column":0},"end":{"line":69,"column":3}},"69":{"start":{"line":70,"column":0},"end":{"line":70,"column":1}}},"s":{"0":1,"4":1,"5":42,"6":42,"8":1,"9":7,"10":7,"12":1,"13":14,"14":14,"15":14,"16":14,"17":14,"18":14,"19":14,"20":14,"21":14,"22":14,"23":14,"24":14,"25":14,"26":14,"27":14,"28":14,"41":27,"43":27,"44":27,"47":22,"48":22,"51":22,"52":7,"53":7,"54":22,"56":24,"57":15,"58":15,"59":2,"60":2,"61":2,"62":2,"63":15,"64":15,"65":13,"66":27,"67":7,"68":7,"69":27},"branchMap":{"0":{"type":"branch","line":5,"loc":{"start":{"line":5,"column":7},"end":{"line":7,"column":1}},"locations":[{"start":{"line":5,"column":7},"end":{"line":7,"column":1}}]},"1":{"type":"branch","line":6,"loc":{"start":{"line":6,"column":29},"end":{"line":6,"column":66}},"locations":[{"start":{"line":6,"column":29},"end":{"line":6,"column":66}}]},"2":{"type":"branch","line":9,"loc":{"start":{"line":9,"column":7},"end":{"line":11,"column":1}},"locations":[{"start":{"line":9,"column":7},"end":{"line":11,"column":1}}]},"3":{"type":"branch","line":10,"loc":{"start":{"line":10,"column":9},"end":{"line":10,"column":27}},"locations":[{"start":{"line":10,"column":9},"end":{"line":10,"column":27}}]},"4":{"type":"branch","line":10,"loc":{"start":{"line":10,"column":18},"end":{"line":10,"column":33}},"locations":[{"start":{"line":10,"column":18},"end":{"line":10,"column":33}}]},"5":{"type":"branch","line":13,"loc":{"start":{"line":13,"column":7},"end":{"line":29,"column":1}},"locations":[{"start":{"line":13,"column":7},"end":{"line":29,"column":1}}]},"6":{"type":"branch","line":42,"loc":{"start":{"line":42,"column":0},"end":{"line":70,"column":1}},"locations":[{"start":{"line":42,"column":0},"end":{"line":70,"column":1}}]},"7":{"type":"branch","line":45,"loc":{"start":{"line":45,"column":14},"end":{"line":67,"column":9}},"locations":[{"start":{"line":45,"column":14},"end":{"line":67,"column":9}}]},"8":{"type":"branch","line":45,"loc":{"start":{"line":45,"column":14},"end":{"line":45,"column":57}},"locations":[{"start":{"line":45,"column":14},"end":{"line":45,"column":57}}]},"9":{"type":"branch","line":45,"loc":{"start":{"line":45,"column":56},"end":{"line":67,"column":9}},"locations":[{"start":{"line":45,"column":56},"end":{"line":67,"column":9}}]},"10":{"type":"branch","line":45,"loc":{"start":{"line":45,"column":56},"end":{"line":57,"column":14}},"locations":[{"start":{"line":45,"column":56},"end":{"line":57,"column":14}}]},"11":{"type":"branch","line":57,"loc":{"start":{"line":57,"column":14},"end":{"line":67,"column":9}},"locations":[{"start":{"line":57,"column":14},"end":{"line":67,"column":9}}]},"12":{"type":"branch","line":58,"loc":{"start":{"line":58,"column":38},"end":{"line":58,"column":85}},"locations":[{"start":{"line":58,"column":38},"end":{"line":58,"column":85}}]},"13":{"type":"branch","line":58,"loc":{"start":{"line":58,"column":81},"end":{"line":58,"column":89}},"locations":[{"start":{"line":58,"column":81},"end":{"line":58,"column":89}}]},"14":{"type":"branch","line":59,"loc":{"start":{"line":59,"column":15},"end":{"line":63,"column":5}},"locations":[{"start":{"line":59,"column":15},"end":{"line":63,"column":5}}]},"15":{"type":"branch","line":60,"loc":{"start":{"line":60,"column":12},"end":{"line":60,"column":40}},"locations":[{"start":{"line":60,"column":12},"end":{"line":60,"column":40}}]},"16":{"type":"branch","line":60,"loc":{"start":{"line":60,"column":40},"end":{"line":60,"column":50}},"locations":[{"start":{"line":60,"column":40},"end":{"line":60,"column":50}}]},"17":{"type":"branch","line":61,"loc":{"start":{"line":61,"column":12},"end":{"line":61,"column":53}},"locations":[{"start":{"line":61,"column":12},"end":{"line":61,"column":53}}]},"18":{"type":"branch","line":61,"loc":{"start":{"line":61,"column":53},"end":{"line":61,"column":63}},"locations":[{"start":{"line":61,"column":53},"end":{"line":61,"column":63}}]},"19":{"type":"branch","line":63,"loc":{"start":{"line":63,"column":4},"end":{"line":64,"column":17}},"locations":[{"start":{"line":63,"column":4},"end":{"line":64,"column":17}}]},"20":{"type":"branch","line":64,"loc":{"start":{"line":64,"column":10},"end":{"line":64,"column":57}},"locations":[{"start":{"line":64,"column":10},"end":{"line":64,"column":57}}]},"21":{"type":"branch","line":64,"loc":{"start":{"line":64,"column":10},"end":{"line":64,"column":30}},"locations":[{"start":{"line":64,"column":10},"end":{"line":64,"column":30}}]},"22":{"type":"branch","line":64,"loc":{"start":{"line":64,"column":17},"end":{"line":64,"column":57}},"locations":[{"start":{"line":64,"column":17},"end":{"line":64,"column":57}}]},"23":{"type":"branch","line":64,"loc":{"start":{"line":64,"column":57},"end":{"line":64,"column":67}},"locations":[{"start":{"line":64,"column":57},"end":{"line":64,"column":67}}]},"24":{"type":"branch","line":64,"loc":{"start":{"line":64,"column":66},"end":{"line":65,"column":22}},"locations":[{"start":{"line":64,"column":66},"end":{"line":65,"column":22}}]},"25":{"type":"branch","line":65,"loc":{"start":{"line":65,"column":10},"end":{"line":65,"column":24}},"locations":[{"start":{"line":65,"column":10},"end":{"line":65,"column":24}}]},"26":{"type":"branch","line":65,"loc":{"start":{"line":65,"column":24},"end":{"line":65,"column":34}},"locations":[{"start":{"line":65,"column":24},"end":{"line":65,"column":34}}]},"27":{"type":"branch","line":65,"loc":{"start":{"line":65,"column":33},"end":{"line":67,"column":9}},"locations":[{"start":{"line":65,"column":33},"end":{"line":67,"column":9}}]},"28":{"type":"branch","line":67,"loc":{"start":{"line":67,"column":2},"end":{"line":69,"column":3}},"locations":[{"start":{"line":67,"column":2},"end":{"line":69,"column":3}}]},"29":{"type":"branch","line":49,"loc":{"start":{"line":49,"column":17},"end":{"line":49,"column":76}},"locations":[{"start":{"line":49,"column":17},"end":{"line":49,"column":76}}]},"30":{"type":"branch","line":49,"loc":{"start":{"line":49,"column":24},"end":{"line":49,"column":58}},"locations":[{"start":{"line":49,"column":24},"end":{"line":49,"column":58}}]},"31":{"type":"branch","line":49,"loc":{"start":{"line":49,"column":54},"end":{"line":49,"column":76}},"locations":[{"start":{"line":49,"column":54},"end":{"line":49,"column":76}}]},"32":{"type":"branch","line":52,"loc":{"start":{"line":52,"column":46},"end":{"line":55,"column":3}},"locations":[{"start":{"line":52,"column":46},"end":{"line":55,"column":3}}]},"33":{"type":"branch","line":53,"loc":{"start":{"line":53,"column":10},"end":{"line":53,"column":50}},"locations":[{"start":{"line":53,"column":10},"end":{"line":53,"column":50}}]},"34":{"type":"branch","line":53,"loc":{"start":{"line":53,"column":10},"end":{"line":53,"column":28}},"locations":[{"start":{"line":53,"column":10},"end":{"line":53,"column":28}}]},"35":{"type":"branch","line":53,"loc":{"start":{"line":53,"column":17},"end":{"line":53,"column":50}},"locations":[{"start":{"line":53,"column":17},"end":{"line":53,"column":50}}]},"36":{"type":"branch","line":53,"loc":{"start":{"line":53,"column":31},"end":{"line":53,"column":48}},"locations":[{"start":{"line":53,"column":31},"end":{"line":53,"column":48}}]},"37":{"type":"branch","line":53,"loc":{"start":{"line":53,"column":50},"end":{"line":53,"column":60}},"locations":[{"start":{"line":53,"column":50},"end":{"line":53,"column":60}}]},"38":{"type":"branch","line":54,"loc":{"start":{"line":54,"column":10},"end":{"line":54,"column":23}},"locations":[{"start":{"line":54,"column":10},"end":{"line":54,"column":23}}]},"39":{"type":"branch","line":54,"loc":{"start":{"line":54,"column":23},"end":{"line":54,"column":33}},"locations":[{"start":{"line":54,"column":23},"end":{"line":54,"column":33}}]}},"b":{"0":[42],"1":[11],"2":[7],"3":[2],"4":[5],"5":[14],"6":[27],"7":[26],"8":[5],"9":[24],"10":[22],"11":[15],"12":[8],"13":[7],"14":[2],"15":[1],"16":[0],"17":[1],"18":[0],"19":[13],"20":[12],"21":[8],"22":[7],"23":[1],"24":[13],"25":[6],"26":[0],"27":[13],"28":[7],"29":[22],"30":[7],"31":[15],"32":[7],"33":[6],"34":[5],"35":[4],"36":[0],"37":[1],"38":[1],"39":[0]},"fnMap":{"0":{"name":"isUpdate","decl":{"start":{"line":5,"column":7},"end":{"line":7,"column":1}},"loc":{"start":{"line":5,"column":7},"end":{"line":7,"column":1}},"line":5},"1":{"name":"buildSuccessMsg","decl":{"start":{"line":9,"column":7},"end":{"line":11,"column":1}},"loc":{"start":{"line":9,"column":7},"end":{"line":11,"column":1}},"line":9},"2":{"name":"buildInitialForm","decl":{"start":{"line":13,"column":7},"end":{"line":29,"column":1}},"loc":{"start":{"line":13,"column":7},"end":{"line":29,"column":1}},"line":13},"3":{"name":"submitTemplateForm","decl":{"start":{"line":42,"column":0},"end":{"line":70,"column":1}},"loc":{"start":{"line":42,"column":0},"end":{"line":70,"column":1}},"line":42},"4":{"name":"runner","decl":{"start":{"line":49,"column":17},"end":{"line":49,"column":76}},"loc":{"start":{"line":49,"column":17},"end":{"line":49,"column":76}},"line":49}},"f":{"0":42,"1":7,"2":14,"3":27,"4":22}}
,"C:\\Users\\tangz\\Downloads\\IDC-Management-System\\IDC-Management-System\\IDC-Management-System\\frontend\\src\\views\\business\\ticket\\template.vue": {"path":"C:\\Users\\tangz\\Downloads\\IDC-Management-System\\IDC-Management-System\\IDC-Management-System\\frontend\\src\\views\\business\\ticket\\template.vue","all":false,"statementMap":{"1":{"start":{"line":2,"column":0},"end":{"line":2,"column":29}},"2":{"start":{"line":3,"column":0},"end":{"line":3,"column":17}},"3":{"start":{"line":4,"column":0},"end":{"line":4,"column":103}},"4":{"start":{"line":5,"column":0},"end":{"line":5,"column":53}},"5":{"start":{"line":6,"column":0},"end":{"line":6,"column":114}},"6":{"start":{"line":7,"column":0},"end":{"line":7,"column":21}},"7":{"start":{"line":8,"column":0},"end":{"line":8,"column":50}},"8":{"start":{"line":9,"column":0},"end":{"line":9,"column":79}},"9":{"start":{"line":10,"column":0},"end":{"line":10,"column":108}},"10":{"start":{"line":11,"column":0},"end":{"line":11,"column":20}},"11":{"start":{"line":12,"column":0},"end":{"line":12,"column":21}},"12":{"start":{"line":13,"column":0},"end":{"line":13,"column":50}},"13":{"start":{"line":14,"column":0},"end":{"line":14,"column":79}},"14":{"start":{"line":15,"column":0},"end":{"line":15,"column":117}},"15":{"start":{"line":16,"column":0},"end":{"line":16,"column":20}},"16":{"start":{"line":17,"column":0},"end":{"line":17,"column":21}},"17":{"start":{"line":18,"column":0},"end":{"line":18,"column":20}},"18":{"start":{"line":19,"column":0},"end":{"line":19,"column":83}},"19":{"start":{"line":20,"column":0},"end":{"line":20,"column":68}},"20":{"start":{"line":21,"column":0},"end":{"line":21,"column":21}},"21":{"start":{"line":22,"column":0},"end":{"line":22,"column":14}},"23":{"start":{"line":24,"column":0},"end":{"line":24,"column":18}},"24":{"start":{"line":25,"column":0},"end":{"line":25,"column":37}},"25":{"start":{"line":26,"column":0},"end":{"line":26,"column":26}},"26":{"start":{"line":27,"column":0},"end":{"line":27,"column":70}},"27":{"start":{"line":28,"column":0},"end":{"line":28,"column":72}},"28":{"start":{"line":29,"column":0},"end":{"line":29,"column":15}},"29":{"start":{"line":30,"column":0},"end":{"line":30,"column":26}},"30":{"start":{"line":31,"column":0},"end":{"line":31,"column":92}},"31":{"start":{"line":32,"column":0},"end":{"line":32,"column":71}},"32":{"start":{"line":33,"column":0},"end":{"line":33,"column":15}},"33":{"start":{"line":34,"column":0},"end":{"line":34,"column":26}},"34":{"start":{"line":35,"column":0},"end":{"line":35,"column":95}},"35":{"start":{"line":36,"column":0},"end":{"line":36,"column":73}},"36":{"start":{"line":37,"column":0},"end":{"line":37,"column":15}},"37":{"start":{"line":38,"column":0},"end":{"line":38,"column":26}},"38":{"start":{"line":39,"column":0},"end":{"line":39,"column":77}},"39":{"start":{"line":40,"column":0},"end":{"line":40,"column":73}},"40":{"start":{"line":41,"column":0},"end":{"line":41,"column":15}},"41":{"start":{"line":42,"column":0},"end":{"line":42,"column":91}},"42":{"start":{"line":43,"column":0},"end":{"line":43,"column":13}},"44":{"start":{"line":45,"column":0},"end":{"line":45,"column":17}},"45":{"start":{"line":46,"column":0},"end":{"line":46,"column":97}},"46":{"start":{"line":47,"column":0},"end":{"line":47,"column":68}},"47":{"start":{"line":48,"column":0},"end":{"line":48,"column":83}},"48":{"start":{"line":49,"column":0},"end":{"line":49,"column":103}},"49":{"start":{"line":50,"column":0},"end":{"line":50,"column":80}},"50":{"start":{"line":51,"column":0},"end":{"line":51,"column":35}},"51":{"start":{"line":52,"column":0},"end":{"line":52,"column":73}},"53":{"start":{"line":54,"column":0},"end":{"line":54,"column":24}},"54":{"start":{"line":55,"column":0},"end":{"line":55,"column":80}},"55":{"start":{"line":56,"column":0},"end":{"line":56,"column":35}},"56":{"start":{"line":57,"column":0},"end":{"line":57,"column":77}},"58":{"start":{"line":59,"column":0},"end":{"line":59,"column":24}},"59":{"start":{"line":60,"column":0},"end":{"line":60,"column":80}},"60":{"start":{"line":61,"column":0},"end":{"line":61,"column":35}},"61":{"start":{"line":62,"column":0},"end":{"line":62,"column":82}},"63":{"start":{"line":64,"column":0},"end":{"line":64,"column":24}},"64":{"start":{"line":65,"column":0},"end":{"line":65,"column":78}},"65":{"start":{"line":66,"column":0},"end":{"line":66,"column":35}},"66":{"start":{"line":67,"column":0},"end":{"line":67,"column":52}},"68":{"start":{"line":69,"column":0},"end":{"line":69,"column":24}},"69":{"start":{"line":70,"column":0},"end":{"line":70,"column":74}},"70":{"start":{"line":71,"column":0},"end":{"line":71,"column":35}},"71":{"start":{"line":72,"column":0},"end":{"line":72,"column":83}},"72":{"start":{"line":73,"column":0},"end":{"line":73,"column":64}},"74":{"start":{"line":75,"column":0},"end":{"line":75,"column":24}},"75":{"start":{"line":76,"column":0},"end":{"line":76,"column":81}},"76":{"start":{"line":77,"column":0},"end":{"line":77,"column":35}},"77":{"start":{"line":78,"column":0},"end":{"line":78,"column":47}},"79":{"start":{"line":80,"column":0},"end":{"line":80,"column":24}},"80":{"start":{"line":81,"column":0},"end":{"line":81,"column":100}},"81":{"start":{"line":82,"column":0},"end":{"line":82,"column":35}},"82":{"start":{"line":83,"column":0},"end":{"line":83,"column":83}},"83":{"start":{"line":84,"column":0},"end":{"line":84,"column":74}},"84":{"start":{"line":85,"column":0},"end":{"line":85,"column":85}},"85":{"start":{"line":86,"column":0},"end":{"line":86,"column":73}},"86":{"start":{"line":87,"column":0},"end":{"line":87,"column":86}},"87":{"start":{"line":88,"column":0},"end":{"line":88,"column":75}},"89":{"start":{"line":90,"column":0},"end":{"line":90,"column":24}},"90":{"start":{"line":91,"column":0},"end":{"line":91,"column":15}},"92":{"start":{"line":93,"column":0},"end":{"line":93,"column":15}},"93":{"start":{"line":94,"column":0},"end":{"line":94,"column":84}},"94":{"start":{"line":95,"column":0},"end":{"line":95,"column":67}},"96":{"start":{"line":97,"column":0},"end":{"line":97,"column":21}},"97":{"start":{"line":98,"column":0},"end":{"line":98,"column":74}},"98":{"start":{"line":99,"column":0},"end":{"line":99,"column":67}},"99":{"start":{"line":100,"column":0},"end":{"line":100,"column":121}},"100":{"start":{"line":101,"column":0},"end":{"line":101,"column":16}},"101":{"start":{"line":102,"column":0},"end":{"line":102,"column":29}},"102":{"start":{"line":103,"column":0},"end":{"line":103,"column":59}},"103":{"start":{"line":104,"column":0},"end":{"line":104,"column":107}},"104":{"start":{"line":105,"column":0},"end":{"line":105,"column":27}},"105":{"start":{"line":106,"column":0},"end":{"line":106,"column":19}},"106":{"start":{"line":107,"column":0},"end":{"line":107,"column":29}},"107":{"start":{"line":108,"column":0},"end":{"line":108,"column":56}},"108":{"start":{"line":109,"column":0},"end":{"line":109,"column":72}},"109":{"start":{"line":110,"column":0},"end":{"line":110,"column":114}},"110":{"start":{"line":111,"column":0},"end":{"line":111,"column":26}},"111":{"start":{"line":112,"column":0},"end":{"line":112,"column":27}},"112":{"start":{"line":113,"column":0},"end":{"line":113,"column":19}},"113":{"start":{"line":114,"column":0},"end":{"line":114,"column":17}},"114":{"start":{"line":115,"column":0},"end":{"line":115,"column":16}},"115":{"start":{"line":116,"column":0},"end":{"line":116,"column":29}},"116":{"start":{"line":117,"column":0},"end":{"line":117,"column":56}},"117":{"start":{"line":118,"column":0},"end":{"line":118,"column":54}},"118":{"start":{"line":119,"column":0},"end":{"line":119,"column":109}},"119":{"start":{"line":120,"column":0},"end":{"line":120,"column":31}},"120":{"start":{"line":121,"column":0},"end":{"line":121,"column":31}},"121":{"start":{"line":122,"column":0},"end":{"line":122,"column":27}},"122":{"start":{"line":123,"column":0},"end":{"line":123,"column":19}},"123":{"start":{"line":124,"column":0},"end":{"line":124,"column":29}},"124":{"start":{"line":125,"column":0},"end":{"line":125,"column":56}},"125":{"start":{"line":126,"column":0},"end":{"line":126,"column":68}},"126":{"start":{"line":127,"column":0},"end":{"line":127,"column":100}},"127":{"start":{"line":128,"column":0},"end":{"line":128,"column":40}},"128":{"start":{"line":129,"column":0},"end":{"line":129,"column":26}},"129":{"start":{"line":130,"column":0},"end":{"line":130,"column":27}},"130":{"start":{"line":131,"column":0},"end":{"line":131,"column":19}},"131":{"start":{"line":132,"column":0},"end":{"line":132,"column":17}},"132":{"start":{"line":133,"column":0},"end":{"line":133,"column":55}},"133":{"start":{"line":134,"column":0},"end":{"line":134,"column":72}},"134":{"start":{"line":135,"column":0},"end":{"line":135,"column":23}},"135":{"start":{"line":136,"column":0},"end":{"line":136,"column":61}},"136":{"start":{"line":137,"column":0},"end":{"line":137,"column":119}},"137":{"start":{"line":138,"column":0},"end":{"line":138,"column":30}},"138":{"start":{"line":139,"column":0},"end":{"line":139,"column":23}},"139":{"start":{"line":140,"column":0},"end":{"line":140,"column":65}},"140":{"start":{"line":141,"column":0},"end":{"line":141,"column":109}},"141":{"start":{"line":142,"column":0},"end":{"line":142,"column":46}},"142":{"start":{"line":143,"column":0},"end":{"line":143,"column":23}},"143":{"start":{"line":144,"column":0},"end":{"line":144,"column":58}},"144":{"start":{"line":145,"column":0},"end":{"line":145,"column":116}},"145":{"start":{"line":146,"column":0},"end":{"line":146,"column":30}},"146":{"start":{"line":147,"column":0},"end":{"line":147,"column":23}},"147":{"start":{"line":148,"column":0},"end":{"line":148,"column":47}},"148":{"start":{"line":149,"column":0},"end":{"line":149,"column":80}},"149":{"start":{"line":150,"column":0},"end":{"line":150,"column":23}},"150":{"start":{"line":151,"column":0},"end":{"line":151,"column":16}},"151":{"start":{"line":152,"column":0},"end":{"line":152,"column":12}},"152":{"start":{"line":153,"column":0},"end":{"line":153,"column":24}},"153":{"start":{"line":154,"column":0},"end":{"line":154,"column":35}},"154":{"start":{"line":155,"column":0},"end":{"line":155,"column":116}},"155":{"start":{"line":156,"column":0},"end":{"line":156,"column":75}},"156":{"start":{"line":157,"column":0},"end":{"line":157,"column":14}},"158":{"start":{"line":159,"column":0},"end":{"line":159,"column":16}},"160":{"start":{"line":161,"column":0},"end":{"line":161,"column":20}},"161":{"start":{"line":162,"column":0},"end":{"line":162,"column":78}},"162":{"start":{"line":163,"column":0},"end":{"line":163,"column":42}},"163":{"start":{"line":164,"column":0},"end":{"line":164,"column":89}},"164":{"start":{"line":165,"column":0},"end":{"line":165,"column":91}},"165":{"start":{"line":166,"column":0},"end":{"line":166,"column":43}},"166":{"start":{"line":167,"column":0},"end":{"line":167,"column":70}},"167":{"start":{"line":168,"column":0},"end":{"line":168,"column":31}},"168":{"start":{"line":169,"column":0},"end":{"line":169,"column":44}},"169":{"start":{"line":170,"column":0},"end":{"line":170,"column":74}},"170":{"start":{"line":171,"column":0},"end":{"line":171,"column":31}},"171":{"start":{"line":172,"column":0},"end":{"line":172,"column":43}},"172":{"start":{"line":173,"column":0},"end":{"line":173,"column":79}},"173":{"start":{"line":174,"column":0},"end":{"line":174,"column":31}},"174":{"start":{"line":175,"column":0},"end":{"line":175,"column":88}},"175":{"start":{"line":176,"column":0},"end":{"line":176,"column":101}},"176":{"start":{"line":177,"column":0},"end":{"line":177,"column":107}},"177":{"start":{"line":178,"column":0},"end":{"line":178,"column":111}},"178":{"start":{"line":179,"column":0},"end":{"line":179,"column":104}},"179":{"start":{"line":180,"column":0},"end":{"line":180,"column":110}},"180":{"start":{"line":181,"column":0},"end":{"line":181,"column":24}},"181":{"start":{"line":182,"column":0},"end":{"line":182,"column":24}},"182":{"start":{"line":183,"column":0},"end":{"line":183,"column":35}},"183":{"start":{"line":184,"column":0},"end":{"line":184,"column":64}},"184":{"start":{"line":185,"column":0},"end":{"line":185,"column":14}},"186":{"start":{"line":187,"column":0},"end":{"line":187,"column":16}},"187":{"start":{"line":188,"column":0},"end":{"line":188,"column":8}},"191":{"start":{"line":192,"column":0},"end":{"line":192,"column":97}},"192":{"start":{"line":193,"column":0},"end":{"line":193,"column":138}},"193":{"start":{"line":194,"column":0},"end":{"line":194,"column":41}},"194":{"start":{"line":195,"column":0},"end":{"line":195,"column":70}},"195":{"start":{"line":196,"column":0},"end":{"line":196,"column":92}},"196":{"start":{"line":197,"column":0},"end":{"line":197,"column":73}},"197":{"start":{"line":198,"column":0},"end":{"line":198,"column":37}},"198":{"start":{"line":199,"column":0},"end":{"line":199,"column":41}},"199":{"start":{"line":200,"column":0},"end":{"line":200,"column":48}},"200":{"start":{"line":201,"column":0},"end":{"line":201,"column":0}},"201":{"start":{"line":202,"column":0},"end":{"line":202,"column":39}},"202":{"start":{"line":203,"column":0},"end":{"line":203,"column":0}},"203":{"start":{"line":204,"column":0},"end":{"line":204,"column":29}},"204":{"start":{"line":205,"column":0},"end":{"line":205,"column":24}},"205":{"start":{"line":206,"column":0},"end":{"line":206,"column":30}},"206":{"start":{"line":207,"column":0},"end":{"line":207,"column":26}},"207":{"start":{"line":208,"column":0},"end":{"line":208,"column":29}},"208":{"start":{"line":209,"column":0},"end":{"line":209,"column":20}},"209":{"start":{"line":210,"column":0},"end":{"line":210,"column":25}},"210":{"start":{"line":211,"column":0},"end":{"line":211,"column":27}},"211":{"start":{"line":212,"column":0},"end":{"line":212,"column":21}},"212":{"start":{"line":213,"column":0},"end":{"line":213,"column":22}},"213":{"start":{"line":214,"column":0},"end":{"line":214,"column":23}},"214":{"start":{"line":215,"column":0},"end":{"line":215,"column":0}},"215":{"start":{"line":216,"column":0},"end":{"line":216,"column":7}},"216":{"start":{"line":217,"column":0},"end":{"line":217,"column":131}},"217":{"start":{"line":218,"column":0},"end":{"line":218,"column":0}},"218":{"start":{"line":219,"column":0},"end":{"line":219,"column":23}},"219":{"start":{"line":220,"column":0},"end":{"line":220,"column":11}},"220":{"start":{"line":221,"column":0},"end":{"line":221,"column":16}},"221":{"start":{"line":222,"column":0},"end":{"line":222,"column":15}},"222":{"start":{"line":223,"column":0},"end":{"line":223,"column":17}},"223":{"start":{"line":224,"column":0},"end":{"line":224,"column":28}},"224":{"start":{"line":225,"column":0},"end":{"line":225,"column":25}},"225":{"start":{"line":226,"column":0},"end":{"line":226,"column":24}},"226":{"start":{"line":227,"column":0},"end":{"line":227,"column":4}},"227":{"start":{"line":228,"column":0},"end":{"line":228,"column":10}},"228":{"start":{"line":229,"column":0},"end":{"line":229,"column":19}},"229":{"start":{"line":230,"column":0},"end":{"line":230,"column":63}},"230":{"start":{"line":231,"column":0},"end":{"line":231,"column":73}},"231":{"start":{"line":232,"column":0},"end":{"line":232,"column":6}},"232":{"start":{"line":233,"column":0},"end":{"line":233,"column":16}},"233":{"start":{"line":234,"column":0},"end":{"line":234,"column":63}},"234":{"start":{"line":235,"column":0},"end":{"line":235,"column":6}},"235":{"start":{"line":236,"column":0},"end":{"line":236,"column":15}},"236":{"start":{"line":237,"column":0},"end":{"line":237,"column":64}},"237":{"start":{"line":238,"column":0},"end":{"line":238,"column":6}},"238":{"start":{"line":239,"column":0},"end":{"line":239,"column":16}},"239":{"start":{"line":240,"column":0},"end":{"line":240,"column":63}},"240":{"start":{"line":241,"column":0},"end":{"line":241,"column":6}},"241":{"start":{"line":242,"column":0},"end":{"line":242,"column":19}},"242":{"start":{"line":243,"column":0},"end":{"line":243,"column":62}},"243":{"start":{"line":244,"column":0},"end":{"line":244,"column":6}},"244":{"start":{"line":245,"column":0},"end":{"line":245,"column":25}},"245":{"start":{"line":246,"column":0},"end":{"line":246,"column":62}},"246":{"start":{"line":247,"column":0},"end":{"line":247,"column":5}},"247":{"start":{"line":248,"column":0},"end":{"line":248,"column":3}},"248":{"start":{"line":249,"column":0},"end":{"line":249,"column":3}},"250":{"start":{"line":251,"column":0},"end":{"line":251,"column":50}},"252":{"start":{"line":253,"column":0},"end":{"line":253,"column":25}},"253":{"start":{"line":254,"column":0},"end":{"line":254,"column":109}},"254":{"start":{"line":255,"column":0},"end":{"line":255,"column":0}},"255":{"start":{"line":256,"column":0},"end":{"line":256,"column":13}},"256":{"start":{"line":257,"column":0},"end":{"line":257,"column":20}},"257":{"start":{"line":258,"column":0},"end":{"line":258,"column":23}},"258":{"start":{"line":259,"column":0},"end":{"line":259,"column":52}},"259":{"start":{"line":260,"column":0},"end":{"line":260,"column":39}},"260":{"start":{"line":261,"column":0},"end":{"line":261,"column":33}},"261":{"start":{"line":262,"column":0},"end":{"line":262,"column":26}},"262":{"start":{"line":263,"column":0},"end":{"line":263,"column":5}},"263":{"start":{"line":264,"column":0},"end":{"line":264,"column":1}},"264":{"start":{"line":265,"column":0},"end":{"line":265,"column":0}},"265":{"start":{"line":266,"column":0},"end":{"line":266,"column":11}},"266":{"start":{"line":267,"column":0},"end":{"line":267,"column":52}},"267":{"start":{"line":268,"column":0},"end":{"line":268,"column":0}},"268":{"start":{"line":269,"column":0},"end":{"line":269,"column":11}},"269":{"start":{"line":270,"column":0},"end":{"line":270,"column":18}},"270":{"start":{"line":271,"column":0},"end":{"line":271,"column":34}},"271":{"start":{"line":272,"column":0},"end":{"line":272,"column":33}},"272":{"start":{"line":273,"column":0},"end":{"line":273,"column":1}},"273":{"start":{"line":274,"column":0},"end":{"line":274,"column":0}},"274":{"start":{"line":275,"column":0},"end":{"line":275,"column":13}},"275":{"start":{"line":276,"column":0},"end":{"line":276,"column":24}},"276":{"start":{"line":277,"column":0},"end":{"line":277,"column":32}},"277":{"start":{"line":278,"column":0},"end":{"line":278,"column":12}},"278":{"start":{"line":279,"column":0},"end":{"line":279,"column":1}},"279":{"start":{"line":280,"column":0},"end":{"line":280,"column":0}},"280":{"start":{"line":281,"column":0},"end":{"line":281,"column":13}},"281":{"start":{"line":282,"column":0},"end":{"line":282,"column":23}},"282":{"start":{"line":283,"column":0},"end":{"line":283,"column":30}},"283":{"start":{"line":284,"column":0},"end":{"line":284,"column":16}},"284":{"start":{"line":285,"column":0},"end":{"line":285,"column":1}},"285":{"start":{"line":286,"column":0},"end":{"line":286,"column":0}},"286":{"start":{"line":287,"column":0},"end":{"line":287,"column":14}},"287":{"start":{"line":288,"column":0},"end":{"line":288,"column":43}},"288":{"start":{"line":289,"column":0},"end":{"line":289,"column":53}},"289":{"start":{"line":290,"column":0},"end":{"line":290,"column":39}},"290":{"start":{"line":291,"column":0},"end":{"line":291,"column":37}},"291":{"start":{"line":292,"column":0},"end":{"line":292,"column":1}},"292":{"start":{"line":293,"column":0},"end":{"line":293,"column":0}},"293":{"start":{"line":294,"column":0},"end":{"line":294,"column":13}},"294":{"start":{"line":295,"column":0},"end":{"line":295,"column":22}},"295":{"start":{"line":296,"column":0},"end":{"line":296,"column":10}},"296":{"start":{"line":297,"column":0},"end":{"line":297,"column":20}},"297":{"start":{"line":298,"column":0},"end":{"line":298,"column":25}},"298":{"start":{"line":299,"column":0},"end":{"line":299,"column":1}},"299":{"start":{"line":300,"column":0},"end":{"line":300,"column":0}},"300":{"start":{"line":301,"column":0},"end":{"line":301,"column":11}},"301":{"start":{"line":302,"column":0},"end":{"line":302,"column":26}},"302":{"start":{"line":303,"column":0},"end":{"line":303,"column":49}},"303":{"start":{"line":304,"column":0},"end":{"line":304,"column":34}},"304":{"start":{"line":305,"column":0},"end":{"line":305,"column":28}},"305":{"start":{"line":306,"column":0},"end":{"line":306,"column":5}},"306":{"start":{"line":307,"column":0},"end":{"line":307,"column":1}},"307":{"start":{"line":308,"column":0},"end":{"line":308,"column":0}},"308":{"start":{"line":309,"column":0},"end":{"line":309,"column":13}},"309":{"start":{"line":310,"column":0},"end":{"line":310,"column":28}},"310":{"start":{"line":311,"column":0},"end":{"line":311,"column":10}},"311":{"start":{"line":312,"column":0},"end":{"line":312,"column":52}},"312":{"start":{"line":313,"column":0},"end":{"line":313,"column":45}},"313":{"start":{"line":314,"column":0},"end":{"line":314,"column":32}},"314":{"start":{"line":315,"column":0},"end":{"line":315,"column":22}},"315":{"start":{"line":316,"column":0},"end":{"line":316,"column":27}},"316":{"start":{"line":317,"column":0},"end":{"line":317,"column":5}},"317":{"start":{"line":318,"column":0},"end":{"line":318,"column":1}},"319":{"start":{"line":320,"column":0},"end":{"line":320,"column":30}},"320":{"start":{"line":321,"column":0},"end":{"line":321,"column":26}},"321":{"start":{"line":322,"column":0},"end":{"line":322,"column":10}},"322":{"start":{"line":323,"column":0},"end":{"line":323,"column":45}},"323":{"start":{"line":324,"column":0},"end":{"line":324,"column":20}},"324":{"start":{"line":325,"column":0},"end":{"line":325,"column":9}},"325":{"start":{"line":326,"column":0},"end":{"line":326,"column":42}},"326":{"start":{"line":327,"column":0},"end":{"line":327,"column":150}},"327":{"start":{"line":328,"column":0},"end":{"line":328,"column":49}},"328":{"start":{"line":329,"column":0},"end":{"line":329,"column":32}},"329":{"start":{"line":330,"column":0},"end":{"line":330,"column":37}},"330":{"start":{"line":331,"column":0},"end":{"line":331,"column":53}},"331":{"start":{"line":332,"column":0},"end":{"line":332,"column":7}},"332":{"start":{"line":333,"column":0},"end":{"line":333,"column":14}},"333":{"start":{"line":334,"column":0},"end":{"line":334,"column":3}},"334":{"start":{"line":335,"column":0},"end":{"line":335,"column":2}},"335":{"start":{"line":336,"column":0},"end":{"line":336,"column":0}},"336":{"start":{"line":337,"column":0},"end":{"line":337,"column":11}},"337":{"start":{"line":338,"column":0},"end":{"line":338,"column":23}},"338":{"start":{"line":339,"column":0},"end":{"line":339,"column":46}},"339":{"start":{"line":340,"column":0},"end":{"line":340,"column":59}},"340":{"start":{"line":341,"column":0},"end":{"line":341,"column":22}},"341":{"start":{"line":342,"column":0},"end":{"line":342,"column":54}},"342":{"start":{"line":343,"column":0},"end":{"line":343,"column":10}},"343":{"start":{"line":344,"column":0},"end":{"line":344,"column":3}},"344":{"start":{"line":345,"column":0},"end":{"line":345,"column":45}},"345":{"start":{"line":346,"column":0},"end":{"line":346,"column":38}},"346":{"start":{"line":347,"column":0},"end":{"line":347,"column":41}},"347":{"start":{"line":348,"column":0},"end":{"line":348,"column":23}},"348":{"start":{"line":349,"column":0},"end":{"line":349,"column":15}},"349":{"start":{"line":350,"column":0},"end":{"line":350,"column":18}},"350":{"start":{"line":351,"column":0},"end":{"line":351,"column":21}},"351":{"start":{"line":352,"column":0},"end":{"line":352,"column":26}},"352":{"start":{"line":353,"column":0},"end":{"line":353,"column":79}},"353":{"start":{"line":354,"column":0},"end":{"line":354,"column":56}},"354":{"start":{"line":355,"column":0},"end":{"line":355,"column":6}},"355":{"start":{"line":356,"column":0},"end":{"line":356,"column":30}},"356":{"start":{"line":357,"column":0},"end":{"line":357,"column":55}},"357":{"start":{"line":358,"column":0},"end":{"line":358,"column":17}},"358":{"start":{"line":359,"column":0},"end":{"line":359,"column":11}},"359":{"start":{"line":360,"column":0},"end":{"line":360,"column":13}},"360":{"start":{"line":361,"column":0},"end":{"line":361,"column":94}},"361":{"start":{"line":362,"column":0},"end":{"line":362,"column":82}},"362":{"start":{"line":363,"column":0},"end":{"line":363,"column":18}},"363":{"start":{"line":364,"column":0},"end":{"line":364,"column":92}},"364":{"start":{"line":365,"column":0},"end":{"line":365,"column":44}},"365":{"start":{"line":366,"column":0},"end":{"line":366,"column":19}},"366":{"start":{"line":367,"column":0},"end":{"line":367,"column":172}},"367":{"start":{"line":368,"column":0},"end":{"line":368,"column":79}},"368":{"start":{"line":369,"column":0},"end":{"line":369,"column":23}},"369":{"start":{"line":370,"column":0},"end":{"line":370,"column":36}},"370":{"start":{"line":371,"column":0},"end":{"line":371,"column":54}},"371":{"start":{"line":372,"column":0},"end":{"line":372,"column":60}},"372":{"start":{"line":373,"column":0},"end":{"line":373,"column":11}},"373":{"start":{"line":374,"column":0},"end":{"line":374,"column":9}},"374":{"start":{"line":375,"column":0},"end":{"line":375,"column":16}},"375":{"start":{"line":376,"column":0},"end":{"line":376,"column":5}},"376":{"start":{"line":377,"column":0},"end":{"line":377,"column":4}},"377":{"start":{"line":378,"column":0},"end":{"line":378,"column":1}},"379":{"start":{"line":380,"column":0},"end":{"line":380,"column":15}},"380":{"start":{"line":381,"column":0},"end":{"line":381,"column":26}},"381":{"start":{"line":382,"column":0},"end":{"line":382,"column":61}},"382":{"start":{"line":383,"column":0},"end":{"line":383,"column":14}},"383":{"start":{"line":384,"column":0},"end":{"line":384,"column":1}},"384":{"start":{"line":385,"column":0},"end":{"line":385,"column":0}},"385":{"start":{"line":386,"column":0},"end":{"line":386,"column":13}},"386":{"start":{"line":387,"column":0},"end":{"line":387,"column":28}},"387":{"start":{"line":388,"column":0},"end":{"line":388,"column":50}},"388":{"start":{"line":389,"column":0},"end":{"line":389,"column":84}},"389":{"start":{"line":390,"column":0},"end":{"line":390,"column":36}},"390":{"start":{"line":391,"column":0},"end":{"line":391,"column":17}},"391":{"start":{"line":392,"column":0},"end":{"line":392,"column":14}},"392":{"start":{"line":393,"column":0},"end":{"line":393,"column":36}},"393":{"start":{"line":394,"column":0},"end":{"line":394,"column":22}},"394":{"start":{"line":395,"column":0},"end":{"line":395,"column":1}},"395":{"start":{"line":396,"column":0},"end":{"line":396,"column":0}},"396":{"start":{"line":397,"column":0},"end":{"line":397,"column":11}},"397":{"start":{"line":398,"column":0},"end":{"line":398,"column":34}},"398":{"start":{"line":399,"column":0},"end":{"line":399,"column":46}},"399":{"start":{"line":400,"column":0},"end":{"line":400,"column":92}},"400":{"start":{"line":401,"column":0},"end":{"line":401,"column":60}},"401":{"start":{"line":402,"column":0},"end":{"line":402,"column":17}},"402":{"start":{"line":403,"column":0},"end":{"line":403,"column":41}},"403":{"start":{"line":404,"column":0},"end":{"line":404,"column":24}},"404":{"start":{"line":405,"column":0},"end":{"line":405,"column":48}},"405":{"start":{"line":406,"column":0},"end":{"line":406,"column":5}},"406":{"start":{"line":407,"column":0},"end":{"line":407,"column":1}},"407":{"start":{"line":408,"column":0},"end":{"line":408,"column":0}},"408":{"start":{"line":409,"column":0},"end":{"line":409,"column":13}},"409":{"start":{"line":410,"column":0},"end":{"line":410,"column":25}},"410":{"start":{"line":411,"column":0},"end":{"line":411,"column":53}},"411":{"start":{"line":412,"column":0},"end":{"line":412,"column":24}},"412":{"start":{"line":413,"column":0},"end":{"line":413,"column":45}},"413":{"start":{"line":414,"column":0},"end":{"line":414,"column":1}},"414":{"start":{"line":415,"column":0},"end":{"line":415,"column":0}},"415":{"start":{"line":416,"column":0},"end":{"line":416,"column":10}},"417":{"start":{"line":418,"column":0},"end":{"line":418,"column":41}},"418":{"start":{"line":419,"column":0},"end":{"line":419,"column":18}},"419":{"start":{"line":420,"column":0},"end":{"line":420,"column":17}},"420":{"start":{"line":421,"column":0},"end":{"line":421,"column":7}},"421":{"start":{"line":422,"column":0},"end":{"line":422,"column":78}},"422":{"start":{"line":423,"column":0},"end":{"line":423,"column":64}},"423":{"start":{"line":424,"column":0},"end":{"line":424,"column":68}},"424":{"start":{"line":425,"column":0},"end":{"line":425,"column":28}},"425":{"start":{"line":426,"column":0},"end":{"line":426,"column":31}},"426":{"start":{"line":427,"column":0},"end":{"line":427,"column":13}},"427":{"start":{"line":428,"column":0},"end":{"line":428,"column":27}},"428":{"start":{"line":429,"column":0},"end":{"line":429,"column":26}},"429":{"start":{"line":430,"column":0},"end":{"line":430,"column":22}},"430":{"start":{"line":431,"column":0},"end":{"line":431,"column":33}},"431":{"start":{"line":432,"column":0},"end":{"line":432,"column":18}},"432":{"start":{"line":433,"column":0},"end":{"line":433,"column":18}},"433":{"start":{"line":434,"column":0},"end":{"line":434,"column":7}},"434":{"start":{"line":435,"column":0},"end":{"line":435,"column":11}},"435":{"start":{"line":436,"column":0},"end":{"line":436,"column":14}},"436":{"start":{"line":437,"column":0},"end":{"line":437,"column":12}},"437":{"start":{"line":438,"column":0},"end":{"line":438,"column":2}},"438":{"start":{"line":439,"column":0},"end":{"line":439,"column":51}}},"s":{"1":1,"2":1,"3":1,"4":1,"5":1,"6":1,"7":1,"8":1,"9":1,"10":1,"11":1,"12":1,"13":1,"14":1,"15":1,"16":1,"17":1,"18":1,"19":1,"20":1,"21":1,"23":1,"24":1,"25":1,"26":1,"27":1,"28":1,"29":1,"30":1,"31":1,"32":1,"33":1,"34":1,"35":1,"36":1,"37":1,"38":1,"39":1,"40":1,"41":1,"42":1,"44":1,"45":1,"46":1,"47":1,"48":1,"49":1,"50":1,"51":1,"53":1,"54":1,"55":1,"56":1,"58":1,"59":1,"60":1,"61":1,"63":1,"64":1,"65":1,"66":1,"68":1,"69":1,"70":1,"71":1,"72":1,"74":1,"75":1,"76":1,"77":1,"79":1,"80":1,"81":1,"82":1,"83":1,"84":1,"85":1,"86":1,"87":1,"89":1,"90":1,"92":1,"93":1,"94":1,"96":1,"97":1,"98":1,"99":1,"100":1,"101":1,"102":1,"103":1,"104":1,"105":1,"106":1,"107":1,"108":1,"109":1,"110":1,"111":1,"112":1,"113":1,"114":1,"115":1,"116":1,"117":1,"118":1,"119":1,"120":1,"121":1,"122":1,"123":1,"124":1,"125":1,"126":1,"127":1,"128":1,"129":1,"130":1,"131":1,"132":1,"133":1,"134":1,"135":1,"136":1,"137":1,"138":1,"139":1,"140":1,"141":1,"142":1,"143":1,"144":1,"145":1,"146":1,"147":1,"148":1,"149":1,"150":1,"151":1,"152":1,"153":1,"154":1,"155":1,"156":1,"158":1,"160":1,"161":1,"162":1,"163":1,"164":1,"165":1,"166":1,"167":1,"168":1,"169":1,"170":1,"171":1,"172":1,"173":1,"174":1,"175":1,"176":1,"177":1,"178":1,"179":1,"180":1,"181":1,"182":1,"183":1,"184":1,"186":1,"187":1,"191":1,"192":1,"193":1,"194":1,"195":1,"196":1,"197":1,"198":1,"199":1,"200":1,"201":1,"202":1,"203":1,"204":1,"205":1,"206":1,"207":1,"208":1,"209":1,"210":1,"211":1,"212":1,"213":1,"214":1,"215":1,"216":1,"217":1,"218":1,"219":1,"220":1,"221":1,"222":1,"223":1,"224":1,"225":1,"226":1,"227":1,"228":1,"229":1,"230":1,"231":1,"232":1,"233":1,"234":1,"235":1,"236":1,"237":1,"238":1,"239":1,"240":1,"241":1,"242":1,"243":1,"244":1,"245":1,"246":1,"247":1,"248":1,"250":1,"252":1,"253":1,"254":1,"255":1,"256":19,"257":19,"258":19,"259":19,"260":19,"261":19,"262":19,"263":19,"264":1,"265":1,"266":1,"267":1,"268":1,"269":13,"270":13,"271":13,"272":13,"273":1,"274":1,"275":2,"276":2,"277":2,"278":2,"279":1,"280":1,"281":1,"282":1,"283":1,"284":1,"285":1,"286":1,"287":1,"288":1,"289":1,"290":1,"291":1,"292":1,"293":1,"294":11,"295":11,"296":11,"297":11,"298":11,"299":1,"300":1,"301":1,"302":1,"303":1,"304":1,"305":1,"306":1,"307":1,"308":1,"309":1,"310":1,"311":1,"312":1,"313":1,"314":1,"315":1,"316":1,"317":1,"319":1,"320":1,"321":17,"322":12,"323":12,"324":12,"325":12,"326":12,"327":12,"328":12,"329":12,"330":12,"331":12,"332":12,"333":12,"334":17,"335":1,"336":1,"337":9,"338":9,"339":9,"340":0,"341":0,"342":0,"343":0,"344":9,"345":9,"346":9,"347":9,"348":9,"349":9,"350":9,"351":9,"352":9,"353":9,"354":9,"355":9,"356":9,"357":9,"358":3,"359":3,"360":3,"361":3,"362":3,"363":3,"364":3,"365":3,"366":3,"367":3,"368":3,"369":3,"370":3,"371":3,"372":3,"373":3,"374":3,"375":3,"376":9,"377":9,"379":1,"380":1,"381":1,"382":1,"383":1,"384":1,"385":1,"386":1,"387":1,"388":1,"389":1,"390":1,"391":1,"392":1,"393":1,"394":1,"395":1,"396":1,"397":1,"398":1,"399":1,"400":1,"401":1,"402":1,"403":1,"404":0,"405":1,"406":1,"407":1,"408":1,"409":1,"410":1,"411":1,"412":1,"413":1,"414":1,"415":1,"417":1,"418":1,"419":1,"420":12,"421":12,"422":0,"423":0,"424":0,"425":0,"426":0,"427":0,"428":0,"429":0,"430":0,"431":0,"432":0,"433":0,"434":0,"435":12,"436":12,"437":12,"438":1},"branchMap":{"0":{"type":"branch","line":257,"loc":{"start":{"line":257,"column":0},"end":{"line":264,"column":1}},"locations":[{"start":{"line":257,"column":0},"end":{"line":264,"column":1}}]},"1":{"type":"branch","line":259,"loc":{"start":{"line":259,"column":39},"end":{"line":263,"column":3}},"locations":[{"start":{"line":259,"column":39},"end":{"line":263,"column":3}}]},"2":{"type":"branch","line":267,"loc":{"start":{"line":267,"column":0},"end":{"line":267,"column":52}},"locations":[{"start":{"line":267,"column":0},"end":{"line":267,"column":52}}]},"3":{"type":"branch","line":270,"loc":{"start":{"line":270,"column":0},"end":{"line":273,"column":1}},"locations":[{"start":{"line":270,"column":0},"end":{"line":273,"column":1}}]},"4":{"type":"branch","line":276,"loc":{"start":{"line":276,"column":0},"end":{"line":279,"column":1}},"locations":[{"start":{"line":276,"column":0},"end":{"line":279,"column":1}}]},"5":{"type":"branch","line":282,"loc":{"start":{"line":282,"column":0},"end":{"line":285,"column":1}},"locations":[{"start":{"line":282,"column":0},"end":{"line":285,"column":1}}]},"6":{"type":"branch","line":288,"loc":{"start":{"line":288,"column":0},"end":{"line":292,"column":1}},"locations":[{"start":{"line":288,"column":0},"end":{"line":292,"column":1}}]},"7":{"type":"branch","line":289,"loc":{"start":{"line":289,"column":28},"end":{"line":289,"column":51}},"locations":[{"start":{"line":289,"column":28},"end":{"line":289,"column":51}}]},"8":{"type":"branch","line":295,"loc":{"start":{"line":295,"column":0},"end":{"line":299,"column":1}},"locations":[{"start":{"line":295,"column":0},"end":{"line":299,"column":1}}]},"9":{"type":"branch","line":302,"loc":{"start":{"line":302,"column":0},"end":{"line":307,"column":1}},"locations":[{"start":{"line":302,"column":0},"end":{"line":307,"column":1}}]},"10":{"type":"branch","line":303,"loc":{"start":{"line":303,"column":35},"end":{"line":306,"column":3}},"locations":[{"start":{"line":303,"column":35},"end":{"line":306,"column":3}}]},"11":{"type":"branch","line":310,"loc":{"start":{"line":310,"column":0},"end":{"line":318,"column":1}},"locations":[{"start":{"line":310,"column":0},"end":{"line":318,"column":1}}]},"12":{"type":"branch","line":312,"loc":{"start":{"line":312,"column":36},"end":{"line":312,"column":51}},"locations":[{"start":{"line":312,"column":36},"end":{"line":312,"column":51}}]},"13":{"type":"branch","line":313,"loc":{"start":{"line":313,"column":31},"end":{"line":317,"column":3}},"locations":[{"start":{"line":313,"column":31},"end":{"line":317,"column":3}}]},"14":{"type":"branch","line":321,"loc":{"start":{"line":321,"column":12},"end":{"line":335,"column":2}},"locations":[{"start":{"line":321,"column":12},"end":{"line":335,"column":2}}]},"15":{"type":"branch","line":322,"loc":{"start":{"line":322,"column":9},"end":{"line":334,"column":3}},"locations":[{"start":{"line":322,"column":9},"end":{"line":334,"column":3}}]},"16":{"type":"branch","line":323,"loc":{"start":{"line":323,"column":37},"end":{"line":323,"column":45}},"locations":[{"start":{"line":323,"column":37},"end":{"line":323,"column":45}}]},"17":{"type":"branch","line":333,"loc":{"start":{"line":333,"column":6},"end":{"line":333,"column":14}},"locations":[{"start":{"line":333,"column":6},"end":{"line":333,"column":14}}]},"18":{"type":"branch","line":338,"loc":{"start":{"line":338,"column":0},"end":{"line":378,"column":1}},"locations":[{"start":{"line":338,"column":0},"end":{"line":378,"column":1}}]},"19":{"type":"branch","line":340,"loc":{"start":{"line":340,"column":58},"end":{"line":344,"column":3}},"locations":[{"start":{"line":340,"column":58},"end":{"line":344,"column":3}}]},"20":{"type":"branch","line":345,"loc":{"start":{"line":345,"column":19},"end":{"line":377,"column":3}},"locations":[{"start":{"line":345,"column":19},"end":{"line":377,"column":3}}]},"21":{"type":"branch","line":357,"loc":{"start":{"line":357,"column":16},"end":{"line":357,"column":38}},"locations":[{"start":{"line":357,"column":16},"end":{"line":357,"column":38}}]},"22":{"type":"branch","line":357,"loc":{"start":{"line":357,"column":40},"end":{"line":357,"column":55}},"locations":[{"start":{"line":357,"column":40},"end":{"line":357,"column":55}}]},"23":{"type":"branch","line":358,"loc":{"start":{"line":358,"column":16},"end":{"line":376,"column":5}},"locations":[{"start":{"line":358,"column":16},"end":{"line":376,"column":5}}]},"24":{"type":"branch","line":361,"loc":{"start":{"line":361,"column":35},"end":{"line":361,"column":64}},"locations":[{"start":{"line":361,"column":35},"end":{"line":361,"column":64}}]},"25":{"type":"branch","line":361,"loc":{"start":{"line":361,"column":65},"end":{"line":361,"column":89}},"locations":[{"start":{"line":361,"column":65},"end":{"line":361,"column":89}}]},"26":{"type":"branch","line":361,"loc":{"start":{"line":361,"column":90},"end":{"line":361,"column":94}},"locations":[{"start":{"line":361,"column":90},"end":{"line":361,"column":94}}]},"27":{"type":"branch","line":362,"loc":{"start":{"line":362,"column":24},"end":{"line":362,"column":82}},"locations":[{"start":{"line":362,"column":24},"end":{"line":362,"column":82}}]},"28":{"type":"branch","line":363,"loc":{"start":{"line":363,"column":10},"end":{"line":363,"column":18}},"locations":[{"start":{"line":363,"column":10},"end":{"line":363,"column":18}}]},"29":{"type":"branch","line":364,"loc":{"start":{"line":364,"column":33},"end":{"line":364,"column":62}},"locations":[{"start":{"line":364,"column":33},"end":{"line":364,"column":62}}]},"30":{"type":"branch","line":364,"loc":{"start":{"line":364,"column":63},"end":{"line":364,"column":87}},"locations":[{"start":{"line":364,"column":63},"end":{"line":364,"column":87}}]},"31":{"type":"branch","line":364,"loc":{"start":{"line":364,"column":88},"end":{"line":364,"column":92}},"locations":[{"start":{"line":364,"column":88},"end":{"line":364,"column":92}}]},"32":{"type":"branch","line":367,"loc":{"start":{"line":367,"column":35},"end":{"line":367,"column":165}},"locations":[{"start":{"line":367,"column":35},"end":{"line":367,"column":165}}]},"33":{"type":"branch","line":367,"loc":{"start":{"line":367,"column":166},"end":{"line":367,"column":172}},"locations":[{"start":{"line":367,"column":166},"end":{"line":367,"column":172}}]},"34":{"type":"branch","line":368,"loc":{"start":{"line":368,"column":23},"end":{"line":368,"column":79}},"locations":[{"start":{"line":368,"column":23},"end":{"line":368,"column":79}}]},"35":{"type":"branch","line":375,"loc":{"start":{"line":375,"column":8},"end":{"line":375,"column":16}},"locations":[{"start":{"line":375,"column":8},"end":{"line":375,"column":16}}]},"36":{"type":"branch","line":346,"loc":{"start":{"line":346,"column":21},"end":{"line":346,"column":38}},"locations":[{"start":{"line":346,"column":21},"end":{"line":346,"column":38}}]},"37":{"type":"branch","line":353,"loc":{"start":{"line":353,"column":17},"end":{"line":353,"column":78}},"locations":[{"start":{"line":353,"column":17},"end":{"line":353,"column":78}}]},"38":{"type":"branch","line":353,"loc":{"start":{"line":353,"column":57},"end":{"line":353,"column":76}},"locations":[{"start":{"line":353,"column":57},"end":{"line":353,"column":76}}]},"39":{"type":"branch","line":354,"loc":{"start":{"line":354,"column":17},"end":{"line":354,"column":56}},"locations":[{"start":{"line":354,"column":17},"end":{"line":354,"column":56}}]},"40":{"type":"branch","line":381,"loc":{"start":{"line":381,"column":0},"end":{"line":384,"column":1}},"locations":[{"start":{"line":381,"column":0},"end":{"line":384,"column":1}}]},"41":{"type":"branch","line":382,"loc":{"start":{"line":382,"column":53},"end":{"line":382,"column":61}},"locations":[{"start":{"line":382,"column":53},"end":{"line":382,"column":61}}]},"42":{"type":"branch","line":387,"loc":{"start":{"line":387,"column":0},"end":{"line":395,"column":1}},"locations":[{"start":{"line":387,"column":0},"end":{"line":395,"column":1}}]},"43":{"type":"branch","line":388,"loc":{"start":{"line":388,"column":37},"end":{"line":388,"column":49}},"locations":[{"start":{"line":388,"column":37},"end":{"line":388,"column":49}}]},"44":{"type":"branch","line":389,"loc":{"start":{"line":389,"column":71},"end":{"line":391,"column":3}},"locations":[{"start":{"line":389,"column":71},"end":{"line":391,"column":3}}]},"45":{"type":"branch","line":391,"loc":{"start":{"line":391,"column":10},"end":{"line":394,"column":3}},"locations":[{"start":{"line":391,"column":10},"end":{"line":394,"column":3}}]},"46":{"type":"branch","line":398,"loc":{"start":{"line":398,"column":0},"end":{"line":407,"column":1}},"locations":[{"start":{"line":398,"column":0},"end":{"line":407,"column":1}}]},"47":{"type":"branch","line":399,"loc":{"start":{"line":399,"column":39},"end":{"line":399,"column":45}},"locations":[{"start":{"line":399,"column":39},"end":{"line":399,"column":45}}]},"48":{"type":"branch","line":400,"loc":{"start":{"line":400,"column":79},"end":{"line":402,"column":3}},"locations":[{"start":{"line":400,"column":79},"end":{"line":402,"column":3}}]},"49":{"type":"branch","line":402,"loc":{"start":{"line":402,"column":10},"end":{"line":404,"column":3}},"locations":[{"start":{"line":402,"column":10},"end":{"line":404,"column":3}}]},"50":{"type":"branch","line":410,"loc":{"start":{"line":410,"column":0},"end":{"line":414,"column":1}},"locations":[{"start":{"line":410,"column":0},"end":{"line":414,"column":1}}]},"51":{"type":"branch","line":420,"loc":{"start":{"line":420,"column":10},"end":{"line":438,"column":2}},"locations":[{"start":{"line":420,"column":10},"end":{"line":438,"column":2}}]},"52":{"type":"branch","line":436,"loc":{"start":{"line":436,"column":7},"end":{"line":436,"column":14}},"locations":[{"start":{"line":436,"column":7},"end":{"line":436,"column":14}}]},"53":{"type":"branch","line":437,"loc":{"start":{"line":437,"column":4},"end":{"line":437,"column":12}},"locations":[{"start":{"line":437,"column":4},"end":{"line":437,"column":12}}]},"54":{"type":"branch","line":94,"loc":{"start":{"line":94,"column":64},"end":{"line":94,"column":84}},"locations":[{"start":{"line":94,"column":64},"end":{"line":94,"column":84}}]},"55":{"type":"branch","line":95,"loc":{"start":{"line":95,"column":21},"end":{"line":95,"column":44}},"locations":[{"start":{"line":95,"column":21},"end":{"line":95,"column":44}}]},"56":{"type":"branch","line":98,"loc":{"start":{"line":98,"column":39},"end":{"line":98,"column":45}},"locations":[{"start":{"line":98,"column":39},"end":{"line":98,"column":45}}]},"57":{"type":"branch","line":162,"loc":{"start":{"line":162,"column":37},"end":{"line":162,"column":49}},"locations":[{"start":{"line":162,"column":37},"end":{"line":162,"column":49}}]},"58":{"type":"branch","line":6,"loc":{"start":{"line":6,"column":27},"end":{"line":6,"column":53}},"locations":[{"start":{"line":6,"column":27},"end":{"line":6,"column":53}}]},"59":{"type":"branch","line":9,"loc":{"start":{"line":9,"column":28},"end":{"line":9,"column":51}},"locations":[{"start":{"line":9,"column":28},"end":{"line":9,"column":51}}]},"60":{"type":"branch","line":14,"loc":{"start":{"line":14,"column":28},"end":{"line":14,"column":51}},"locations":[{"start":{"line":14,"column":28},"end":{"line":14,"column":51}}]},"61":{"type":"branch","line":104,"loc":{"start":{"line":104,"column":33},"end":{"line":104,"column":52}},"locations":[{"start":{"line":104,"column":33},"end":{"line":104,"column":52}}]},"62":{"type":"branch","line":109,"loc":{"start":{"line":109,"column":34},"end":{"line":109,"column":50}},"locations":[{"start":{"line":109,"column":34},"end":{"line":109,"column":50}}]},"63":{"type":"branch","line":118,"loc":{"start":{"line":118,"column":39},"end":{"line":118,"column":54}},"locations":[{"start":{"line":118,"column":39},"end":{"line":118,"column":54}}]},"64":{"type":"branch","line":126,"loc":{"start":{"line":126,"column":34},"end":{"line":126,"column":50}},"locations":[{"start":{"line":126,"column":34},"end":{"line":126,"column":50}}]},"65":{"type":"branch","line":134,"loc":{"start":{"line":134,"column":29},"end":{"line":134,"column":48}},"locations":[{"start":{"line":134,"column":29},"end":{"line":134,"column":48}}]},"66":{"type":"branch","line":137,"loc":{"start":{"line":137,"column":29},"end":{"line":137,"column":54}},"locations":[{"start":{"line":137,"column":29},"end":{"line":137,"column":54}}]},"67":{"type":"branch","line":141,"loc":{"start":{"line":141,"column":29},"end":{"line":141,"column":58}},"locations":[{"start":{"line":141,"column":29},"end":{"line":141,"column":58}}]},"68":{"type":"branch","line":145,"loc":{"start":{"line":145,"column":29},"end":{"line":145,"column":51}},"locations":[{"start":{"line":145,"column":29},"end":{"line":145,"column":51}}]},"69":{"type":"branch","line":149,"loc":{"start":{"line":149,"column":29},"end":{"line":149,"column":42}},"locations":[{"start":{"line":149,"column":29},"end":{"line":149,"column":42}}]}},"b":{"0":[19],"1":[19],"2":[1],"3":[13],"4":[2],"5":[1],"6":[1],"7":[1],"8":[11],"9":[1],"10":[1],"11":[1],"12":[0],"13":[1],"14":[17],"15":[12],"16":[0],"17":[0],"18":[9],"19":[0],"20":[9],"21":[5],"22":[0],"23":[3],"24":[2],"25":[2],"26":[1],"27":[2],"28":[0],"29":[2],"30":[2],"31":[1],"32":[2],"33":[1],"34":[1],"35":[0],"36":[9],"37":[4],"38":[0],"39":[4],"40":[1],"41":[0],"42":[1],"43":[0],"44":[1],"45":[1],"46":[1],"47":[0],"48":[1],"49":[1],"50":[1],"51":[12],"52":[0],"53":[0],"54":[12],"55":[12],"56":[12],"57":[12],"58":[12],"59":[12],"60":[12],"61":[12],"62":[12],"63":[12],"64":[12],"65":[12],"66":[12],"67":[12],"68":[12],"69":[12]},"fnMap":{"0":{"name":"getList","decl":{"start":{"line":257,"column":0},"end":{"line":264,"column":1}},"loc":{"start":{"line":257,"column":0},"end":{"line":264,"column":1}},"line":257},"1":{"name":"cancel","decl":{"start":{"line":267,"column":0},"end":{"line":267,"column":52}},"loc":{"start":{"line":267,"column":0},"end":{"line":267,"column":52}},"line":267},"2":{"name":"reset","decl":{"start":{"line":270,"column":0},"end":{"line":273,"column":1}},"loc":{"start":{"line":270,"column":0},"end":{"line":273,"column":1}},"line":270},"3":{"name":"handleQuery","decl":{"start":{"line":276,"column":0},"end":{"line":279,"column":1}},"loc":{"start":{"line":276,"column":0},"end":{"line":279,"column":1}},"line":276},"4":{"name":"resetQuery","decl":{"start":{"line":282,"column":0},"end":{"line":285,"column":1}},"loc":{"start":{"line":282,"column":0},"end":{"line":285,"column":1}},"line":282},"5":{"name":"handleSelectionChange","decl":{"start":{"line":288,"column":0},"end":{"line":292,"column":1}},"loc":{"start":{"line":288,"column":0},"end":{"line":292,"column":1}},"line":288},"6":{"name":"handleAdd","decl":{"start":{"line":295,"column":0},"end":{"line":299,"column":1}},"loc":{"start":{"line":295,"column":0},"end":{"line":299,"column":1}},"line":295},"7":{"name":"handleView","decl":{"start":{"line":302,"column":0},"end":{"line":307,"column":1}},"loc":{"start":{"line":302,"column":0},"end":{"line":307,"column":1}},"line":302},"8":{"name":"handleUpdate","decl":{"start":{"line":310,"column":0},"end":{"line":318,"column":1}},"loc":{"start":{"line":310,"column":0},"end":{"line":318,"column":1}},"line":310},"9":{"name":"submitForm","decl":{"start":{"line":338,"column":0},"end":{"line":378,"column":1}},"loc":{"start":{"line":338,"column":0},"end":{"line":378,"column":1}},"line":338},"10":{"name":"validate","decl":{"start":{"line":346,"column":21},"end":{"line":346,"column":38}},"loc":{"start":{"line":346,"column":21},"end":{"line":346,"column":38}},"line":346},"11":{"name":"isSuccess","decl":{"start":{"line":353,"column":17},"end":{"line":353,"column":78}},"loc":{"start":{"line":353,"column":17},"end":{"line":353,"column":78}},"line":353},"12":{"name":"onSuccess","decl":{"start":{"line":354,"column":17},"end":{"line":354,"column":56}},"loc":{"start":{"line":354,"column":17},"end":{"line":354,"column":56}},"line":354},"13":{"name":"onEnterSubmit","decl":{"start":{"line":381,"column":0},"end":{"line":384,"column":1}},"loc":{"start":{"line":381,"column":0},"end":{"line":384,"column":1}},"line":381},"14":{"name":"handleDelete","decl":{"start":{"line":387,"column":0},"end":{"line":395,"column":1}},"loc":{"start":{"line":387,"column":0},"end":{"line":395,"column":1}},"line":387},"15":{"name":"handleStatusChange","decl":{"start":{"line":398,"column":0},"end":{"line":407,"column":1}},"loc":{"start":{"line":398,"column":0},"end":{"line":407,"column":1}},"line":398},"16":{"name":"handleExport","decl":{"start":{"line":410,"column":0},"end":{"line":414,"column":1}},"loc":{"start":{"line":410,"column":0},"end":{"line":414,"column":1}},"line":410},"17":{"name":"onUpdate:modelValue._cache.<computed>._cache.<computed>","decl":{"start":{"line":6,"column":27},"end":{"line":6,"column":53}},"loc":{"start":{"line":6,"column":27},"end":{"line":6,"column":53}},"line":6},"18":{"name":"onUpdate:modelValue._cache.<computed>._cache.<computed>","decl":{"start":{"line":9,"column":28},"end":{"line":9,"column":51}},"loc":{"start":{"line":9,"column":28},"end":{"line":9,"column":51}},"line":9},"19":{"name":"onUpdate:modelValue._cache.<computed>._cache.<computed>","decl":{"start":{"line":14,"column":28},"end":{"line":14,"column":51}},"loc":{"start":{"line":14,"column":28},"end":{"line":14,"column":51}},"line":14},"20":{"name":"onUpdate:showSearch._cache.<computed>._cache.<computed>","decl":{"start":{"line":42,"column":41},"end":{"line":42,"column":54}},"loc":{"start":{"line":42,"column":41},"end":{"line":42,"column":54}},"line":42},"21":{"name":"onUpdate:modelValue","decl":{"start":{"line":72,"column":30},"end":{"line":72,"column":48}},"loc":{"start":{"line":72,"column":30},"end":{"line":72,"column":48}},"line":72},"22":{"name":"onChange","decl":{"start":{"line":73,"column":19},"end":{"line":73,"column":64}},"loc":{"start":{"line":73,"column":19},"end":{"line":73,"column":64}},"line":73},"23":{"name":"onClick","decl":{"start":{"line":83,"column":59},"end":{"line":83,"column":83}},"loc":{"start":{"line":83,"column":59},"end":{"line":83,"column":83}},"line":83},"24":{"name":"onClick","decl":{"start":{"line":85,"column":59},"end":{"line":85,"column":85}},"loc":{"start":{"line":85,"column":59},"end":{"line":85,"column":85}},"line":85},"25":{"name":"onClick","decl":{"start":{"line":87,"column":60},"end":{"line":87,"column":86}},"loc":{"start":{"line":87,"column":60},"end":{"line":87,"column":86}},"line":87},"26":{"name":"onUpdate:page._cache.<computed>._cache.<computed>","decl":{"start":{"line":94,"column":64},"end":{"line":94,"column":84}},"loc":{"start":{"line":94,"column":64},"end":{"line":94,"column":84}},"line":94},"27":{"name":"onUpdate:limit._cache.<computed>._cache.<computed>","decl":{"start":{"line":95,"column":21},"end":{"line":95,"column":44}},"loc":{"start":{"line":95,"column":21},"end":{"line":95,"column":44}},"line":95},"28":{"name":"onUpdate:modelValue._cache.<computed>._cache.<computed>","decl":{"start":{"line":98,"column":39},"end":{"line":98,"column":45}},"loc":{"start":{"line":98,"column":39},"end":{"line":98,"column":45}},"line":98},"29":{"name":"onUpdate:modelValue._cache.<computed>._cache.<computed>","decl":{"start":{"line":104,"column":33},"end":{"line":104,"column":52}},"loc":{"start":{"line":104,"column":33},"end":{"line":104,"column":52}},"line":104},"30":{"name":"onUpdate:modelValue._cache.<computed>._cache.<computed>","decl":{"start":{"line":109,"column":34},"end":{"line":109,"column":50}},"loc":{"start":{"line":109,"column":34},"end":{"line":109,"column":50}},"line":109},"31":{"name":"onUpdate:modelValue._cache.<computed>._cache.<computed>","decl":{"start":{"line":118,"column":39},"end":{"line":118,"column":54}},"loc":{"start":{"line":118,"column":39},"end":{"line":118,"column":54}},"line":118},"32":{"name":"onUpdate:modelValue._cache.<computed>._cache.<computed>","decl":{"start":{"line":126,"column":34},"end":{"line":126,"column":50}},"loc":{"start":{"line":126,"column":34},"end":{"line":126,"column":50}},"line":126},"33":{"name":"onUpdate:modelValue._cache.<computed>._cache.<computed>","decl":{"start":{"line":134,"column":29},"end":{"line":134,"column":48}},"loc":{"start":{"line":134,"column":29},"end":{"line":134,"column":48}},"line":134},"34":{"name":"onUpdate:modelValue._cache.<computed>._cache.<computed>","decl":{"start":{"line":137,"column":29},"end":{"line":137,"column":54}},"loc":{"start":{"line":137,"column":29},"end":{"line":137,"column":54}},"line":137},"35":{"name":"onUpdate:modelValue._cache.<computed>._cache.<computed>","decl":{"start":{"line":141,"column":29},"end":{"line":141,"column":58}},"loc":{"start":{"line":141,"column":29},"end":{"line":141,"column":58}},"line":141},"36":{"name":"onUpdate:modelValue._cache.<computed>._cache.<computed>","decl":{"start":{"line":145,"column":29},"end":{"line":145,"column":51}},"loc":{"start":{"line":145,"column":29},"end":{"line":145,"column":51}},"line":145},"37":{"name":"onUpdate:modelValue._cache.<computed>._cache.<computed>","decl":{"start":{"line":149,"column":29},"end":{"line":149,"column":42}},"loc":{"start":{"line":149,"column":29},"end":{"line":149,"column":42}},"line":149},"38":{"name":"onUpdate:modelValue._cache.<computed>._cache.<computed>","decl":{"start":{"line":162,"column":37},"end":{"line":162,"column":49}},"loc":{"start":{"line":162,"column":37},"end":{"line":162,"column":49}},"line":162}},"f":{"0":19,"1":1,"2":13,"3":2,"4":1,"5":1,"6":11,"7":1,"8":1,"9":9,"10":9,"11":4,"12":4,"13":1,"14":1,"15":1,"16":1,"17":0,"18":0,"19":0,"20":0,"21":0,"22":0,"23":0,"24":0,"25":0,"26":0,"27":0,"28":0,"29":0,"30":0,"31":0,"32":0,"33":0,"34":0,"35":0,"36":0,"37":0,"38":0}}
}
